2003.06.20 14:41 B J:\empd\EDSS\pave_doc\Gifs\bar.GIF <-- sol /env/public/prod/web/EDSS/subsys/frmwk/doc/pave/Gifs bar.GIF
2003.06.20 14:42 B J:\empd\EDSS\pave_doc\Gifs\configure.gif <-- sol /env/public/prod/web/EDSS/subsys/frmwk/doc/pave/Gifs configure.gif
2003.06.20 14:42 B J:\empd\EDSS\pave_doc\Gifs\dataSelector.GIF <-- sol /env/public/prod/web/EDSS/subsys/frmwk/doc/pave/Gifs dataSelector.GIF
2003.06.20 14:42 B J:\empd\EDSS\pave_doc\Gifs\Domain.gif <-- sol /env/public/prod/web/EDSS/subsys/frmwk/doc/pave/Gifs Domain.gif
2003.06.20 14:42 B J:\empd\EDSS\pave_doc\Gifs\dot-vs-cross.gif <-- sol /env/public/prod/web/EDSS/subsys/frmwk/doc/pave/Gifs dot-vs-cross.gif
2003.06.20 14:42 B J:\empd\EDSS\pave_doc\Gifs\edss.logo.s.gif <-- sol /env/public/prod/web/EDSS/subsys/frmwk/doc/pave/Gifs edss.logo.s.gif
2003.06.20 14:42 B J:\empd\EDSS\pave_doc\Gifs\fileBrowser.GIF <-- sol /env/public/prod/web/EDSS/subsys/frmwk/doc/pave/Gifs fileBrowser.GIF
2003.06.20 14:42 B J:\empd\EDSS\pave_doc\Gifs\formulaSelector.gif <-- sol /env/public/prod/web/EDSS/subsys/frmwk/doc/pave/Gifs formulaSelector.gif
2003.06.20 14:42 B J:\empd\EDSS\pave_doc\Gifs\fourtypes.GIF <-- sol /env/public/prod/web/EDSS/subsys/frmwk/doc/pave/Gifs fourtypes.GIF
2003.06.20 14:42 B J:\empd\EDSS\pave_doc\Gifs\hostSelector.GIF <-- sol /env/public/prod/web/EDSS/subsys/frmwk/doc/pave/Gifs hostSelector.GIF
2003.06.20 14:42 B J:\empd\EDSS\pave_doc\Gifs\line.GIF <-- sol /env/public/prod/web/EDSS/subsys/frmwk/doc/pave/Gifs line.GIF
2003.06.20 14:42 B J:\empd\EDSS\pave_doc\Gifs\marbled.GIF <-- sol /env/public/prod/web/EDSS/subsys/frmwk/doc/pave/Gifs marbled.GIF
2003.06.20 14:42 B J:\empd\EDSS\pave_doc\Gifs\marbled.JPG <-- sol /env/public/prod/web/EDSS/subsys/frmwk/doc/pave/Gifs marbled.JPG
2003.06.20 14:42 B J:\empd\EDSS\pave_doc\Gifs\mcnc.edss.m.gif <-- sol /env/public/prod/web/EDSS/subsys/frmwk/doc/pave/Gifs mcnc.edss.m.gif
2003.06.20 14:42 B J:\empd\EDSS\pave_doc\Gifs\mcnc.logo.m.gif <-- sol /env/public/prod/web/EDSS/subsys/frmwk/doc/pave/Gifs mcnc.logo.m.gif
2003.06.20 14:42 B J:\empd\EDSS\pave_doc\Gifs\mcnc.pave.m.gif <-- sol /env/public/prod/web/EDSS/subsys/frmwk/doc/pave/Gifs mcnc.pave.m.gif
2003.06.20 14:42 B J:\empd\EDSS\pave_doc\Gifs\MCNC.s.gif <-- sol /env/public/prod/web/EDSS/subsys/frmwk/doc/pave/Gifs MCNC.s.gif
2003.06.20 14:42 B J:\empd\EDSS\pave_doc\Gifs\MCNC1.gif <-- sol /env/public/prod/web/EDSS/subsys/frmwk/doc/pave/Gifs MCNC1.gif
2003.06.20 14:42 B J:\empd\EDSS\pave_doc\Gifs\mesh.GIF <-- sol /env/public/prod/web/EDSS/subsys/frmwk/doc/pave/Gifs mesh.GIF
2003.06.20 14:42 B J:\empd\EDSS\pave_doc\Gifs\multiTime.gif <-- sol /env/public/prod/web/EDSS/subsys/frmwk/doc/pave/Gifs multiTime.gif
2003.06.20 14:42 B J:\empd\EDSS\pave_doc\Gifs\pave.logo.gif <-- sol /env/public/prod/web/EDSS/subsys/frmwk/doc/pave/Gifs pave.logo.gif
2003.06.20 14:42 B J:\empd\EDSS\pave_doc\Gifs\PAVE_logo2.gif <-- sol /env/public/prod/web/EDSS/subsys/frmwk/doc/pave/Gifs PAVE_logo2.gif
2003.06.20 14:42 B J:\empd\EDSS\pave_doc\Gifs\PAVE_small_logo.gif <-- sol /env/public/prod/web/EDSS/subsys/frmwk/doc/pave/Gifs PAVE_small_logo.gif
2003.06.20 14:42 B J:\empd\EDSS\pave_doc\Gifs\pua.gif <-- sol /env/public/prod/web/EDSS/subsys/frmwk/doc/pave/Gifs pua.gif
2003.06.20 14:42 B J:\empd\EDSS\pave_doc\Gifs\pua.s.gif <-- sol /env/public/prod/web/EDSS/subsys/frmwk/doc/pave/Gifs pua.s.gif
2003.06.20 14:42 B J:\empd\EDSS\pave_doc\Gifs\pua2.gif <-- sol /env/public/prod/web/EDSS/subsys/frmwk/doc/pave/Gifs pua2.gif
2003.06.20 14:42 B J:\empd\EDSS\pave_doc\Gifs\rajini.gif <-- sol /env/public/prod/web/EDSS/subsys/frmwk/doc/pave/Gifs rajini.gif
2003.06.20 14:42 B J:\empd\EDSS\pave_doc\Gifs\rajini1.gif <-- sol /env/public/prod/web/EDSS/subsys/frmwk/doc/pave/Gifs rajini1.gif
2003.06.20 14:42 B J:\empd\EDSS\pave_doc\Gifs\rajini2.s.gif <-- sol /env/public/prod/web/EDSS/subsys/frmwk/doc/pave/Gifs rajini2.s.gif
2003.06.20 14:42 B J:\empd\EDSS\pave_doc\Gifs\speciesList.gif <-- sol /env/public/prod/web/EDSS/subsys/frmwk/doc/pave/Gifs speciesList.gif
2003.06.20 14:42 B J:\empd\EDSS\pave_doc\Gifs\Thorpe.gif <-- sol /env/public/prod/web/EDSS/subsys/frmwk/doc/pave/Gifs Thorpe.gif
2003.06.20 14:42 B J:\empd\EDSS\pave_doc\Gifs\Thorpe.s.gif <-- sol /env/public/prod/web/EDSS/subsys/frmwk/doc/pave/Gifs Thorpe.s.gif
2003.06.20 14:42 B J:\empd\EDSS\pave_doc\Gifs\thorpe2.gif <-- sol /env/public/prod/web/EDSS/subsys/frmwk/doc/pave/Gifs thorpe2.gif
2003.06.20 14:42 B J:\empd\EDSS\pave_doc\Gifs\tile.GIF <-- sol /env/public/prod/web/EDSS/subsys/frmwk/doc/pave/Gifs tile.GIF
2003.06.20 14:42 B J:\empd\EDSS\pave_doc\Gifs\vouk2.gif <-- sol /env/public/prod/web/EDSS/subsys/frmwk/doc/pave/Gifs vouk2.gif
2003.06.20 14:42 B J:\empd\EDSS\pave_doc\Gifs\vouk2.s.gif <-- sol /env/public/prod/web/EDSS/subsys/frmwk/doc/pave/Gifs vouk2.s.gif
2003.06.20 14:42 B J:\empd\EDSS\pave_doc\Gifs\wind_scatter.gif <-- sol /env/public/prod/web/EDSS/subsys/frmwk/doc/pave/Gifs wind_scatter.gif
2003.06.20 14:42 B J:\empd\EDSS\pave_doc\Gifs\winds.gif <-- sol /env/public/prod/web/EDSS/subsys/frmwk/doc/pave/Gifs winds.gif
2003.06.20 14:42 B J:\empd\EDSS\pave_doc\Gifs\Wolf.s.gif <-- sol /env/public/prod/web/EDSS/subsys/frmwk/doc/pave/Gifs Wolf.s.gif
